The system is: Windows - 10.0.19041 - AMD64
Compiling the C compiler identification source file "CMakeCCompilerId.c" succeeded.
Compiler: C:/Program Files/LLVM/bin/clang.exe 
Build flags: 
Id flags: -c 

The output was:
0


Compilation of the C compiler identification source "CMakeCCompilerId.c" produced "CMakeCCompilerId.o"

The C compiler identification is Clang, found in "C:/ESP32-OXINODE/ESP32-main/ESP32-main/http-sender/main/build/CMakeFiles/3.13.4/CompilerIdC/CMakeCCompilerId.o"

The system is: Windows - 10.0.19041 - AMD64
Compiling the C compiler identification source file "CMakeCCompilerId.c" succeeded.
Compiler: C:/Program Files/LLVM/bin/clang.exe 
Build flags: 
Id flags: -c 

The output was:
0


Compilation of the C compiler identification source "CMakeCCompilerId.c" produced "CMakeCCompilerId.o"

The C compiler identification is Clang, found in "C:/ESP32-OXINODE/ESP32-main/ESP32-main/http-sender/main/build/CMakeFiles/3.13.4/CompilerIdC/CMakeCCompilerId.o"

The system is: Windows - 10.0.19041 - AMD64
Compiling the C compiler identification source file "CMakeCCompilerId.c" succeeded.
Compiler: C:/Program Files/LLVM/bin/clang.exe 
Build flags: 
Id flags: -c 

The output was:
0


Compilation of the C compiler identification source "CMakeCCompilerId.c" produced "CMakeCCompilerId.o"

The C compiler identification is Clang, found in "C:/ESP32-OXINODE/ESP32-main/ESP32-main/http-sender/main/build/CMakeFiles/3.13.4/CompilerIdC/CMakeCCompilerId.o"

The system is: Windows - 10.0.19041 - AMD64
Compiling the C compiler identification source file "CMakeCCompilerId.c" succeeded.
Compiler: C:/Program Files/LLVM/bin/clang.exe 
Build flags: 
Id flags: -c 

The output was:
0


Compilation of the C compiler identification source "CMakeCCompilerId.c" produced "CMakeCCompilerId.o"

The C compiler identification is Clang, found in "C:/ESP32-OXINODE/ESP32-main/ESP32-main/http-sender/main/build/CMakeFiles/3.13.4/CompilerIdC/CMakeCCompilerId.o"

The system is: Windows - 10.0.19041 - AMD64
Compiling the C compiler identification source file "CMakeCCompilerId.c" succeeded.
Compiler: C:/Program Files/LLVM/bin/clang.exe 
Build flags: 
Id flags: -c 

The output was:
0


Compilation of the C compiler identification source "CMakeCCompilerId.c" produced "CMakeCCompilerId.o"

The C compiler identification is Clang, found in "C:/ESP32-OXINODE/ESP32-main/ESP32-main/http-sender/main/build/CMakeFiles/3.13.4/CompilerIdC/CMakeCCompilerId.o"

